 ----------------rx coords-----------------------
          42           2           1
   0.0000000000000000        50000.000000000000        0.0000000000000000     
   5000.0000000000000        50000.000000000000        0.0000000000000000     
   10000.000000000000        50000.000000000000        0.0000000000000000     
   15000.000000000000        50000.000000000000        0.0000000000000000     
   20000.000000000000        50000.000000000000       -1.4551915228366852E-011
   25000.000000000000        50000.000000000000        0.0000000000000000     
   30000.000000000000        50000.000000000000        0.0000000000000000     
   35000.000000000000        50000.000000000000        0.0000000000000000     
   40000.000000000000        50000.000000000000        0.0000000000000000     
   45000.000000000000        50000.000000000000        0.0000000000000000     
   50000.000000000000        50000.000000000000        0.0000000000000000     
   55000.000000000000        50000.000000000000        0.0000000000000000     
   60000.000000000000        50000.000000000000        0.0000000000000000     
   65000.000000000000        50000.000000000000        0.0000000000000000     
   70000.000000000000        50000.000000000000        0.0000000000000000     
   75000.000000000000        50000.000000000000        0.0000000000000000     
   80000.000000000000        50000.000000000000        0.0000000000000000     
   85000.000000000000        50000.000000000000        0.0000000000000000     
   90000.000000000000        50000.000000000000        0.0000000000000000     
   95000.000000000000        50000.000000000000        0.0000000000000000     
   100000.00000000000        50000.000000000000        1.4551915228366852E-011
   50000.000000000000        0.0000000000000000        0.0000000000000000     
   50000.000000000000        5000.0000000000000        0.0000000000000000     
   50000.000000000000        10000.000000000000       -1.4551915228366852E-011
   50000.000000000000        15000.000000000000        0.0000000000000000     
   50000.000000000000        20000.000000000000        0.0000000000000000     
   50000.000000000000        25000.000000000000        0.0000000000000000     
   50000.000000000000        30000.000000000000        0.0000000000000000     
   50000.000000000000        35000.000000000000        0.0000000000000000     
   50000.000000000000        40000.000000000000        0.0000000000000000     
   50000.000000000000        45000.000000000000        0.0000000000000000     
   50000.000000000000        50000.000000000000        0.0000000000000000     
   50000.000000000000        55000.000000000000        0.0000000000000000     
   50000.000000000000        60000.000000000000        0.0000000000000000     
   50000.000000000000        65000.000000000000        0.0000000000000000     
   50000.000000000000        70000.000000000000       -1.4551915228366852E-011
   50000.000000000000        75000.000000000000        0.0000000000000000     
   50000.000000000000        80000.000000000000       -1.4551915228366852E-011
   50000.000000000000        85000.000000000000        0.0000000000000000     
   50000.000000000000        90000.000000000000        0.0000000000000000     
   50000.000000000000        95000.000000000000       -1.4551915228366852E-011
   50000.000000000000        100000.00000000000       -5.8207660913467407E-011
    1               x              y     Re[Ex_(1)]     Im[Ex_(1)]     Re[Ey_(1)]     Im[Ey_(1)]     Re[Ez_(1)]     Im[Ez_(1)]     Re[Bx_(1)]     Im[Bx_(1)]     Re[By_(1)]     Im[By_(1)]     Re[Bz_(1)]     Im[Bz_(1)]     Re[Ex_(2)]     Im[Ex_(2)]     Re[Ey_(2)]     Im[Ey_(2)]     Re[Ez_(2)]     Im[Ez_(2)]     Re[Bx_(2)]     Im[Bx_(2)]     Re[By_(2)]     Im[By_(2)]     Re[Bz_(2)]     Im[Bz_(2)]
         0.00000E+00         5.00000E+04        -4.72353E-06        -5.00735E-06        -6.91139E-12         1.32963E-14        -1.13696E-07         6.70668E-08         2.89206E-11        -2.81750E-12        -7.01679E-04         9.63787E-05         2.91195E-11        -1.07488E-11        -9.94007E-12        -8.67359E-13         5.06120E-06         4.27537E-06         1.57696E-10         6.41169E-11        -6.94920E-04         8.17586E-05        -9.27026E-11        -3.92367E-12         2.24865E-09         4.88408E-10
         5.00000E+03         5.00000E+04        -4.98351E-06        -4.82847E-06        -8.18905E-13         9.72061E-14        -6.09595E-08         6.69508E-08         1.80400E-12         2.21612E-12        -6.96480E-04         9.28104E-05         2.52427E-11        -9.75571E-12        -1.69952E-13        -7.24022E-15         5.06120E-06         4.27537E-06         1.59019E-10         6.42893E-11        -6.94920E-04         8.17586E-05        -2.93670E-12         2.03887E-12         2.62789E-10         1.29542E-10
         1.00000E+04         5.00000E+04        -5.10964E-06        -4.66739E-06         1.57407E-14         1.27861E-13        -2.62222E-08         5.69147E-08        -1.34074E-11         6.03906E-13        -6.93959E-04         8.95929E-05         1.50727E-11        -9.23508E-12         8.08799E-14         3.16835E-14         5.06120E-06         4.27537E-06         1.59132E-10         6.42942E-11        -6.94920E-04         8.17586E-05         2.39046E-12         2.00805E-12         5.19776E-10         5.30819E-11
         1.50000E+04         5.00000E+04        -5.15778E-06        -4.53564E-06         8.52404E-14         1.11461E-13        -5.91867E-09         4.34913E-08        -1.27505E-11        -5.53697E-13        -6.92996E-04         8.69607E-05         1.40664E-11        -8.76337E-12         2.29473E-14         2.67725E-14         5.06120E-06         4.27537E-06         1.59141E-10         6.42938E-11        -6.94921E-04         8.17586E-05         1.32920E-12         1.70505E-12         6.36943E-10        -2.17810E-11
         2.00000E+04         5.00000E+04        -5.16391E-06        -4.43621E-06         7.70282E-14         9.00208E-14         5.01277E-09         3.06039E-08        -9.97860E-12        -1.20226E-12        -6.92872E-04         8.49739E-05         1.49902E-11        -8.25167E-12         9.92717E-15         2.30501E-14         5.06120E-06         4.27538E-06         1.59143E-10         6.42938E-11        -6.94921E-04         8.17585E-05         1.02655E-12         1.40850E-12         6.56210E-10        -7.92927E-11
         2.50000E+04         5.00000E+04        -5.14734E-06        -4.36835E-06         5.79875E-14         6.96457E-14         9.40127E-09         2.00230E-08        -7.29883E-12        -1.45986E-12        -6.93202E-04         8.36174E-05         1.61452E-11        -7.74464E-12         8.10074E-15         1.94323E-14         5.06120E-06         4.27538E-06         1.59143E-10         6.42939E-11        -6.94921E-04         8.17584E-05         1.01135E-12         1.10962E-12         6.04596E-10        -1.12169E-10
         3.00000E+04         5.00000E+04        -5.12301E-06        -4.32426E-06         4.10631E-14         5.14816E-14         1.00791E-08         1.20842E-08        -5.10770E-12        -1.43961E-12        -6.93688E-04         8.27360E-05         1.71906E-11        -7.29099E-12         7.75867E-15         1.56341E-14         5.06120E-06         4.27538E-06         1.59143E-10         6.42940E-11        -6.94922E-04         8.17584E-05         9.82593E-13         8.25154E-13         5.13548E-10        -1.22013E-10
         3.50000E+04         5.00000E+04        -5.09882E-06        -4.29851E-06         2.76636E-14         3.58558E-14         8.56346E-09         6.73719E-09        -3.40773E-12        -1.21101E-12        -6.94171E-04         8.22209E-05         1.80504E-11        -6.92675E-12         6.96358E-15         1.17570E-14         5.06121E-06         4.27538E-06         1.59143E-10         6.42940E-11        -6.94922E-04         8.17583E-05         8.62887E-13         5.73458E-13         4.00024E-10        -1.11037E-10
         4.00000E+04         5.00000E+04        -5.07916E-06        -4.28430E-06         1.68601E-14         2.24081E-14         6.01987E-09         3.33643E-09        -2.05982E-12        -8.57800E-13        -6.94563E-04         8.19367E-05         1.87046E-11        -6.66098E-12         5.38918E-15         7.88828E-15         5.06121E-06         4.27539E-06         1.59143E-10         6.42940E-11        -6.94922E-04         8.17583E-05         6.53111E-13         3.59750E-13         2.76449E-10        -8.50250E-11
         4.50000E+04         5.00000E+04        -5.06643E-06        -4.27764E-06         7.85510E-15         1.05212E-14         3.00518E-09         1.31584E-09        -9.51155E-13        -4.31674E-13        -6.94818E-04         8.18035E-05         1.91201E-11        -6.50015E-12         3.08730E-15         4.20013E-15         5.06121E-06         4.27539E-06         1.59143E-10         6.42940E-11        -6.94922E-04         8.17583E-05         3.70802E-13         1.80964E-13         1.48528E-10        -4.83823E-11
         5.00000E+04         5.00000E+04        -5.06121E-06        -4.27539E-06        -3.99179E-16        -5.38983E-16        -1.59143E-10        -6.42940E-11         4.87933E-14         2.34567E-14        -6.94922E-04         8.17583E-05         1.92905E-11        -6.43644E-12         4.53808E-16         4.85982E-16         5.06121E-06         4.27539E-06         1.59143E-10         6.42940E-11        -6.94922E-04         8.17583E-05         4.99271E-14         2.18511E-14         1.92907E-11        -6.43687E-12
         5.50000E+04         5.00000E+04        -5.06407E-06        -4.27659E-06        -8.74568E-15        -1.16400E-14        -3.31683E-09        -1.47732E-09         1.05493E-12         4.76161E-13        -6.94865E-04         8.17823E-05         1.91970E-11        -6.47136E-12        -2.27989E-15        -3.12828E-15         5.06121E-06         4.27539E-06         1.59143E-10         6.42941E-11        -6.94922E-04         8.17583E-05        -2.76451E-13        -1.34085E-13        -1.10085E-10         3.62381E-11
         6.00000E+04         5.00000E+04        -5.07459E-06        -4.28172E-06        -1.79721E-14        -2.35465E-14        -6.30095E-09        -3.60755E-09         2.18304E-12         8.95488E-13        -6.94655E-04         8.18850E-05         1.88535E-11        -6.60239E-12        -4.67797E-15        -6.88917E-15         5.06121E-06         4.27539E-06         1.59143E-10         6.42940E-11        -6.94922E-04         8.17583E-05        -5.73723E-13        -3.05415E-13        -2.38582E-10         7.49483E-11
         6.50000E+04         5.00000E+04        -5.09237E-06        -4.29327E-06        -2.89047E-14        -3.72557E-14        -8.77599E-09        -7.17155E-09         3.55991E-12         1.23947E-12        -6.94299E-04         8.21161E-05         1.82678E-11        -6.83752E-12        -6.60363E-15        -1.05734E-14         5.06121E-06         4.27538E-06         1.59143E-10         6.42940E-11        -6.94922E-04         8.17583E-05        -8.09132E-13        -5.06516E-13        -3.63930E-10         1.04660E-10
         7.00000E+04         5.00000E+04        -5.11551E-06        -4.31507E-06        -4.25787E-14        -5.32334E-14        -1.01195E-08        -1.27700E-08         5.30559E-12         1.45127E-12        -6.93837E-04         8.25522E-05         1.74673E-11        -7.17275E-12        -7.58647E-15        -1.44902E-14         5.06120E-06         4.27538E-06         1.59143E-10         6.42939E-11        -6.94922E-04         8.17584E-05        -9.56533E-13        -7.47076E-13        -4.81272E-10         1.20602E-10
         7.50000E+04         5.00000E+04        -5.14050E-06        -4.35296E-06        -5.98214E-14        -7.16465E-14        -9.17227E-09        -2.09570E-08         7.54396E-12         1.45004E-12        -6.93339E-04         8.33098E-05         1.64728E-11        -7.60260E-12        -8.02379E-15        -1.82542E-14         5.06120E-06         4.27538E-06         1.59143E-10         6.42939E-11        -6.94921E-04         8.17584E-05        -1.00923E-12        -1.02272E-12        -5.80725E-10         1.17444E-10
         8.00000E+04         5.00000E+04        -5.16037E-06        -4.41318E-06        -7.86958E-14        -9.21311E-14        -4.20567E-09        -3.18251E-08         1.02667E-11         1.15459E-12        -6.92942E-04         8.45135E-05         1.53377E-11        -8.09693E-12        -8.96614E-15        -2.20158E-14         5.06120E-06         4.27538E-06         1.59143E-10         6.42937E-11        -6.94921E-04         8.17585E-05        -1.01456E-12        -1.31921E-12        -6.46195E-10         9.15694E-11
         8.50000E+04         5.00000E+04        -5.16307E-06        -4.50257E-06        -8.42724E-14        -1.13537E-13         7.43346E-09        -4.48491E-08         1.29882E-11         4.66157E-13        -6.92890E-04         8.63000E-05         1.42625E-11        -8.61295E-12        -1.65771E-14        -2.55652E-14         5.06120E-06         4.27537E-06         1.59141E-10         6.42938E-11        -6.94921E-04         8.17586E-05        -1.17632E-12        -1.61673E-12        -6.51863E-10         4.11630E-11
         9.00000E+04         5.00000E+04        -5.12963E-06        -4.62490E-06         1.54429E-14        -1.27645E-13         2.91367E-08        -5.81189E-08         1.28894E-11        -7.66061E-13        -6.93559E-04         8.87441E-05         1.43524E-11        -9.09945E-12        -5.49484E-14        -2.99532E-14         5.06120E-06         4.27537E-06         1.59128E-10         6.42941E-11        -6.94920E-04         8.17586E-05        -1.99595E-12        -1.91623E-12        -5.66079E-10        -2.95930E-11
         9.50000E+04         5.00000E+04        -5.03142E-06        -4.77841E-06         1.08078E-12        -7.95943E-14         6.52646E-08        -6.76013E-08        -5.33760E-12        -2.31875E-12        -6.95523E-04         9.18106E-05         2.24541E-11        -9.55290E-12        -1.98139E-13        -3.69879E-14         5.06120E-06         4.27537E-06         1.58976E-10         6.42858E-11        -6.94920E-04         8.17587E-05        -1.43469E-12        -2.15303E-12        -3.64513E-10        -1.08427E-10
         1.00000E+05         5.00000E+04        -4.89866E-06        -4.94231E-06         3.69904E-12         9.64521E-14         1.08315E-07        -7.41059E-08        -4.06652E-11        -3.34349E-12        -6.98177E-04         9.50842E-05         3.87021E-11        -1.00285E-11        -4.97107E-13        -5.55371E-14         5.06120E-06         4.27537E-06         1.58538E-10         6.42509E-11        -6.94919E-04         8.17587E-05         2.79014E-12        -2.22905E-12        -1.19319E-10        -1.85778E-10
         5.00000E+04         0.00000E+00        -5.06120E-06        -4.27537E-06         9.93982E-12         8.67795E-13        -1.57696E-10        -6.41172E-11        -9.27000E-11        -3.92708E-12        -6.94920E-04         8.17586E-05         2.24865E-09         4.88407E-10         6.91126E-12        -1.30069E-14         4.72353E-06         5.00735E-06         1.13696E-07        -6.70668E-08        -7.01679E-04         9.63787E-05         2.89188E-11        -2.81089E-12         2.91188E-11        -1.07477E-11
         5.00000E+04         5.00000E+03        -5.06120E-06        -4.27537E-06         1.69935E-13         7.35466E-15        -1.59019E-10        -6.42893E-11        -2.93629E-12         2.03795E-12        -6.94920E-04         8.17586E-05         2.62789E-10         1.29541E-10         8.18911E-13        -9.71495E-14         4.98351E-06         4.82847E-06         6.09595E-08        -6.69508E-08        -6.96480E-04         9.28104E-05         1.80406E-12         2.21797E-12         2.52419E-11        -9.75456E-12
         5.00000E+04         1.00000E+04        -5.06120E-06        -4.27537E-06        -8.08382E-14        -3.17158E-14        -1.59132E-10        -6.42942E-11         2.39023E-12         2.00859E-12        -6.94920E-04         8.17586E-05         5.19776E-10         5.30818E-11        -1.57438E-14        -1.27821E-13         5.10964E-06         4.66739E-06         2.62222E-08        -5.69147E-08        -6.93959E-04         8.95929E-05        -1.34068E-11         6.04631E-13         1.50724E-11        -9.23456E-12
         5.00000E+04         1.50000E+04        -5.06120E-06        -4.27537E-06        -2.29660E-14        -2.67675E-14        -1.59141E-10        -6.42938E-11         1.32972E-12         1.70489E-12        -6.94921E-04         8.17586E-05         6.36943E-10        -2.17807E-11        -8.52458E-14        -1.11438E-13         5.15778E-06         4.53564E-06         5.91867E-09        -4.34913E-08        -6.92996E-04         8.69607E-05        -1.27496E-11        -5.52885E-13         1.40665E-11        -8.76322E-12
         5.00000E+04         2.00000E+04        -5.06120E-06        -4.27538E-06        -9.85036E-15        -2.31683E-14        -1.59143E-10        -6.42939E-11         1.02707E-12         1.40751E-12        -6.94921E-04         8.17585E-05         6.56210E-10        -7.92923E-11        -7.70278E-14        -9.00207E-14         5.16391E-06         4.43621E-06        -5.01277E-09        -3.06039E-08        -6.92872E-04         8.49739E-05        -9.97783E-12        -1.20303E-12         1.49900E-11        -8.25154E-12
         5.00000E+04         2.50000E+04        -5.06120E-06        -4.27538E-06        -8.13612E-15        -1.93833E-14        -1.59143E-10        -6.42939E-11         1.01209E-12         1.10692E-12        -6.94921E-04         8.17584E-05         6.04597E-10        -1.12170E-10        -5.79867E-14        -6.96230E-14         5.14734E-06         4.36835E-06        -9.40127E-09        -2.00230E-08        -6.93202E-04         8.36174E-05        -7.29806E-12        -1.46034E-12         1.61450E-11        -7.74476E-12
         5.00000E+04         3.00000E+04        -5.06120E-06        -4.27538E-06        -7.80353E-15        -1.55852E-14        -1.59143E-10        -6.42939E-11         9.84050E-13         8.23675E-13        -6.94922E-04         8.17584E-05         5.13548E-10        -1.22013E-10        -4.10731E-14        -5.14518E-14         5.12301E-06         4.32426E-06        -1.00791E-08        -1.20842E-08        -6.93688E-04         8.27360E-05        -5.10688E-12        -1.44024E-12         1.71908E-11        -7.29110E-12
         5.00000E+04         3.50000E+04        -5.06121E-06        -4.27538E-06        -6.95077E-15        -1.17701E-14        -1.59143E-10        -6.42940E-11         8.63288E-13         5.73198E-13        -6.94922E-04         8.17583E-05         4.00023E-10        -1.11036E-10        -2.76586E-14        -3.58772E-14         5.09882E-06         4.29851E-06        -8.56346E-09        -6.73719E-09        -6.94171E-04         8.22209E-05        -3.40723E-12        -1.21181E-12         1.80505E-11        -6.92706E-12
         5.00000E+04         4.00000E+04        -5.06121E-06        -4.27539E-06        -5.34223E-15        -7.98011E-15        -1.59143E-10        -6.42940E-11         6.53106E-13         3.60382E-13        -6.94922E-04         8.17583E-05         2.76449E-10        -8.50247E-11        -1.69055E-14        -2.23611E-14         5.07916E-06         4.28430E-06        -6.01987E-09        -3.33643E-09        -6.94563E-04         8.19367E-05        -2.05906E-12        -8.58541E-13         1.87043E-11        -6.66120E-12
         5.00000E+04         4.50000E+04        -5.06121E-06        -4.27539E-06        -3.07340E-15        -4.21565E-15        -1.59143E-10        -6.42940E-11         3.70270E-13         1.81697E-13        -6.94922E-04         8.17583E-05         1.48527E-10        -4.83818E-11        -7.82499E-15        -1.05470E-14         5.06643E-06         4.27764E-06        -3.00518E-09        -1.31584E-09        -6.94818E-04         8.18035E-05        -9.50009E-13        -4.33037E-13         1.91202E-11        -6.50062E-12
         5.00000E+04         5.00000E+04        -5.06121E-06        -4.27539E-06        -3.99179E-16        -5.38983E-16        -1.59143E-10        -6.42940E-11         4.87933E-14         2.34567E-14        -6.94922E-04         8.17583E-05         1.92905E-11        -6.43644E-12         4.53808E-16         4.85982E-16         5.06121E-06         4.27539E-06         1.59143E-10         6.42940E-11        -6.94922E-04         8.17583E-05         4.99271E-14         2.18511E-14         1.92907E-11        -6.43687E-12
         5.00000E+04         5.50000E+04        -5.06121E-06        -4.27539E-06         2.28377E-15         3.12875E-15        -1.59143E-10        -6.42941E-11        -2.77348E-13        -1.32948E-13        -6.94922E-04         8.17583E-05        -1.10086E-10         3.62386E-11         8.74065E-15         1.16222E-14         5.06407E-06         4.27659E-06         3.31683E-09         1.47732E-09        -6.94865E-04         8.17823E-05         1.05522E-12         4.75783E-13         1.91973E-11        -6.47186E-12
         5.00000E+04         6.00000E+04        -5.06121E-06        -4.27539E-06         4.75160E-15         6.81023E-15        -1.59143E-10        -6.42940E-11        -5.74918E-13        -3.04039E-13        -6.94922E-04         8.17583E-05        -2.38582E-10         7.49487E-11         1.78923E-14         2.36363E-14         5.07459E-06         4.28172E-06         6.30095E-09         3.60755E-09        -6.94655E-04         8.18850E-05         2.18244E-12         8.96715E-13         1.88539E-11        -6.60278E-12
         5.00000E+04         6.50000E+04        -5.06121E-06        -4.27538E-06         6.54421E-15         1.06527E-14        -1.59143E-10        -6.42940E-11        -8.09045E-13        -5.06797E-13        -6.94922E-04         8.17583E-05        -3.63929E-10         1.04659E-10         2.88905E-14         3.72906E-14         5.09237E-06         4.29327E-06         8.77599E-09         7.17155E-09        -6.94299E-04         8.21161E-05         3.55917E-12         1.24075E-12         1.82678E-11        -6.83710E-12
         5.00000E+04         7.00000E+04        -5.06120E-06        -4.27538E-06         7.62582E-15         1.44441E-14        -1.59143E-10        -6.42940E-11        -9.56879E-13        -7.47008E-13        -6.94922E-04         8.17584E-05        -4.81272E-10         1.20601E-10         4.25709E-14         5.32734E-14         5.11551E-06         4.31507E-06         1.01195E-08         1.27700E-08        -6.93837E-04         8.25522E-05         5.30523E-12         1.45148E-12         1.74674E-11        -7.17249E-12
         5.00000E+04         7.50000E+04        -5.06120E-06        -4.27538E-06         7.97614E-15         1.83160E-14        -1.59143E-10        -6.42939E-11        -1.00915E-12        -1.02305E-12        -6.94921E-04         8.17584E-05        -5.80725E-10         1.17443E-10         5.98487E-14         7.15642E-14         5.14050E-06         4.35296E-06         9.17227E-09         2.09570E-08        -6.93339E-04         8.33098E-05         7.54374E-12         1.44965E-12         1.64727E-11        -7.60179E-12
         5.00000E+04         8.00000E+04        -5.06120E-06        -4.27538E-06         8.95805E-15         2.20377E-14        -1.59143E-10        -6.42937E-11        -1.01400E-12        -1.32031E-12        -6.94921E-04         8.17585E-05        -6.46195E-10         9.15691E-11         7.87121E-14         9.21276E-14         5.16037E-06         4.41318E-06         4.20567E-09         3.18251E-08        -6.92942E-04         8.45135E-05         1.02667E-11         1.15421E-12         1.53377E-11        -8.09647E-12
         5.00000E+04         8.50000E+04        -5.06120E-06        -4.27537E-06         1.65902E-14         2.55366E-14        -1.59141E-10        -6.42938E-11        -1.17624E-12        -1.61678E-12        -6.94921E-04         8.17586E-05        -6.51863E-10         4.11626E-11         8.42648E-14         1.13533E-13         5.16307E-06         4.50257E-06        -7.43346E-09         4.48491E-08        -6.92890E-04         8.63000E-05         1.29882E-11         4.65427E-13         1.42622E-11        -8.61254E-12
         5.00000E+04         9.00000E+04        -5.06120E-06        -4.27537E-06         5.49452E-14         2.99459E-14        -1.59128E-10        -6.42941E-11        -1.99650E-12        -1.91543E-12        -6.94920E-04         8.17586E-05        -5.66079E-10        -2.95929E-11        -1.54478E-14         1.27621E-13         5.12963E-06         4.62490E-06        -2.91367E-08         5.81189E-08        -6.93559E-04         8.87441E-05         1.28891E-11        -7.66434E-13         1.43525E-11        -9.09909E-12
         5.00000E+04         9.50000E+04        -5.06120E-06        -4.27537E-06         1.98185E-13         3.69502E-14        -1.58976E-10        -6.42858E-11        -1.43552E-12        -2.15205E-12        -6.94920E-04         8.17587E-05        -3.64513E-10        -1.08427E-10        -1.08077E-12         7.95812E-14         5.03142E-06         4.77841E-06        -6.52646E-08         6.76013E-08        -6.95523E-04         9.18106E-05        -5.33822E-12        -2.31835E-12         2.24544E-11        -9.55336E-12
         5.00000E+04         1.00000E+05        -5.06120E-06        -4.27537E-06         4.97165E-13         5.54240E-14        -1.58538E-10        -6.42510E-11         2.78972E-12        -2.22852E-12        -6.94919E-04         8.17587E-05        -1.19319E-10        -1.85777E-10        -3.69894E-12        -9.65423E-14         4.89866E-06         4.94231E-06        -1.08315E-07         7.41059E-08        -6.98177E-04         9.50842E-05        -4.06668E-11        -3.34207E-12         3.87032E-11        -1.00289E-11
    1               x              y        Re(Zxx)        Im(Zxx)        Re(Zxy)        Im(Zxy)        Re(Zyx)        Im(Zyx)        Re(Zyy)        Im(Zyy)
         0.00000E+00         5.00000E+04         1.33912E-08         1.73636E-09         5.64505E-03         7.91161E-03        -6.46976E-03        -6.91350E-03         9.41589E-09         1.01539E-09
         5.00000E+03         5.00000E+04         1.93786E-10         1.84368E-11         6.12273E-03         7.74857E-03        -6.46976E-03        -6.91350E-03         1.18372E-09        -2.03220E-11
         1.00000E+04         5.00000E+04        -1.14509E-10        -1.46327E-11         6.38824E-03         7.55049E-03        -6.46975E-03        -6.91350E-03         1.13705E-10        -4.16285E-11
         1.50000E+04         5.00000E+04        -3.71108E-11        -1.28143E-11         6.51879E-03         7.36299E-03        -6.46975E-03        -6.91350E-03        -5.82475E-12        -2.91982E-11
         2.00000E+04         5.00000E+04        -1.78612E-11        -1.13085E-11         6.56889E-03         7.20825E-03        -6.46975E-03        -6.91350E-03        -2.72366E-11        -2.24715E-11
         2.50000E+04         5.00000E+04        -1.24106E-11        -8.60868E-12         6.56973E-03         7.09417E-03        -6.46975E-03        -6.91350E-03        -2.79880E-11        -1.74273E-11
         3.00000E+04         5.00000E+04        -9.53769E-12        -5.92532E-12         6.54854E-03         7.01477E-03        -6.46975E-03        -6.91350E-03        -2.43799E-11        -1.27906E-11
         3.50000E+04         5.00000E+04        -7.23158E-12        -3.74063E-12         6.52028E-03         6.96458E-03        -6.46975E-03        -6.91350E-03        -1.91222E-11        -8.69211E-12
         4.00000E+04         5.00000E+04        -4.99869E-12        -2.05994E-12         6.49469E-03         6.93450E-03        -6.46975E-03        -6.91350E-03        -1.30003E-11        -5.30257E-12
         4.50000E+04         5.00000E+04        -2.67305E-12        -9.79883E-13         6.47713E-03         6.91908E-03        -6.46975E-03        -6.91350E-03        -6.45902E-12        -2.41930E-12
         5.00000E+04         5.00000E+04        -4.00154E-13        -4.62736E-14         6.46975E-03         6.91350E-03        -6.46975E-03        -6.91350E-03         3.40358E-13         1.11838E-13
         5.50000E+04         5.00000E+04         1.95395E-12         7.30892E-13         6.47381E-03         6.91650E-03        -6.46975E-03        -6.91350E-03         7.18743E-12         2.66801E-12
         6.00000E+04         5.00000E+04         4.20389E-12         1.83627E-12         6.48846E-03         6.92866E-03        -6.46975E-03        -6.91350E-03         1.38089E-11         5.45771E-12
         6.50000E+04         5.00000E+04         6.61816E-12         3.15066E-12         6.51210E-03         6.95380E-03        -6.46975E-03        -6.91350E-03         1.97369E-11         8.99606E-12
         7.00000E+04         5.00000E+04         8.82209E-12         5.22696E-12         6.54025E-03         6.99729E-03        -6.46975E-03        -6.91350E-03         2.47760E-11         1.32728E-11
         7.50000E+04         5.00000E+04         1.15072E-11         7.69663E-12         6.56496E-03         7.06709E-03        -6.46975E-03        -6.91350E-03         2.81851E-11         1.79682E-11
         8.00000E+04         5.00000E+04         1.56740E-11         1.05796E-11         6.57252E-03         7.17036E-03        -6.46975E-03        -6.91350E-03         2.64290E-11         2.29684E-11
         8.50000E+04         5.00000E+04         2.83228E-11         1.25252E-11         6.54067E-03         7.31290E-03        -6.46975E-03        -6.91350E-03         1.25529E-12         3.00704E-11
         9.00000E+04         5.00000E+04         7.96870E-11         1.32085E-11         6.43745E-03         7.49206E-03        -6.46976E-03        -6.91350E-03        -1.55615E-10         4.27944E-11
         9.50000E+04         5.00000E+04         2.89974E-10         5.21963E-11         6.21877E-03         7.69114E-03        -6.46976E-03        -6.91350E-03        -1.52569E-09        -1.23314E-11
         1.00000E+05         5.00000E+04         7.43329E-10         1.79984E-10         5.94209E-03         7.88813E-03        -6.46975E-03        -6.91350E-03        -4.90372E-09        -3.72323E-10
         5.00000E+04         0.00000E+00        -9.41575E-09        -1.01574E-09         6.46976E-03         6.91350E-03        -5.64505E-03        -7.91161E-03        -1.33909E-08        -1.73695E-09
         5.00000E+04         5.00000E+03        -1.18374E-09         2.02561E-11         6.46976E-03         6.91350E-03        -6.12273E-03        -7.74857E-03        -1.93756E-10        -1.85945E-11
         5.00000E+04         1.00000E+04        -1.13697E-10         4.15842E-11         6.46975E-03         6.91350E-03        -6.38824E-03        -7.55049E-03         1.14452E-10         1.46700E-11
         5.00000E+04         1.50000E+04         5.83525E-12         2.91833E-11         6.46975E-03         6.91350E-03        -6.51879E-03        -7.36299E-03         3.71323E-11         1.28056E-11
         5.00000E+04         2.00000E+04         2.72507E-11         2.24736E-11         6.46975E-03         6.91350E-03        -6.56889E-03        -7.20825E-03         1.77170E-11         1.14657E-11
         5.00000E+04         2.50000E+04         2.80024E-11         1.73994E-11         6.46975E-03         6.91350E-03        -6.56973E-03        -7.09417E-03         1.24329E-11         8.55883E-12
         5.00000E+04         3.00000E+04         2.44128E-11         1.27538E-11         6.46975E-03         6.91350E-03        -6.54854E-03        -7.01477E-03         9.58135E-12         5.85938E-12
         5.00000E+04         3.50000E+04         1.91243E-11         8.72074E-12         6.46975E-03         6.91350E-03        -6.52028E-03        -6.96458E-03         7.20510E-12         3.75482E-12
         5.00000E+04         4.00000E+04         1.30868E-11         5.24581E-12         6.46975E-03         6.91350E-03        -6.49469E-03        -6.93450E-03         4.92366E-12         2.17741E-12
         5.00000E+04         4.50000E+04         6.43602E-12         2.45232E-12         6.46975E-03         6.91350E-03        -6.47713E-03        -6.91908E-03         2.66299E-12         9.99493E-13
         5.00000E+04         5.00000E+04        -4.00154E-13        -4.62736E-14         6.46975E-03         6.91350E-03        -6.46975E-03        -6.91350E-03         3.40358E-13         1.11838E-13
         5.00000E+04         5.50000E+04        -7.17681E-12        -2.64173E-12         6.46975E-03         6.91350E-03        -6.47381E-03        -6.91650E-03        -1.93978E-12        -7.31583E-13
         5.00000E+04         6.00000E+04        -1.36988E-11        -5.56842E-12         6.46975E-03         6.91350E-03        -6.48846E-03        -6.92866E-03        -4.29693E-12        -1.73457E-12
         5.00000E+04         6.50000E+04        -1.97308E-11        -9.04093E-12         6.46975E-03         6.91350E-03        -6.51210E-03        -6.95380E-03        -6.52436E-12        -3.25192E-12
         5.00000E+04         7.00000E+04        -2.47634E-11        -1.33305E-11         6.46975E-03         6.91350E-03        -6.54025E-03        -6.99729E-03        -8.88210E-12        -5.16480E-12
         5.00000E+04         7.50000E+04        -2.82355E-11        -1.78614E-11         6.46975E-03         6.91350E-03        -6.56496E-03        -7.06709E-03        -1.14336E-11        -7.77465E-12
         5.00000E+04         8.00000E+04        -2.64488E-11        -2.29697E-11         6.46975E-03         6.91350E-03        -6.57252E-03        -7.17036E-03        -1.56758E-11        -1.06066E-11
         5.00000E+04         8.50000E+04        -1.23708E-12        -3.00697E-11         6.46975E-03         6.91350E-03        -6.54067E-03        -7.31290E-03        -2.83475E-11        -1.24873E-11
         5.00000E+04         9.00000E+04         1.55619E-10        -4.27654E-11         6.46976E-03         6.91350E-03        -6.43745E-03        -7.49206E-03        -7.96699E-11        -1.31976E-11
         5.00000E+04         9.50000E+04         1.52565E-09         1.23433E-11         6.46976E-03         6.91350E-03        -6.21877E-03        -7.69114E-03        -2.90028E-10        -5.21480E-11
         5.00000E+04         1.00000E+05         4.90354E-09         3.72425E-10         6.46975E-03         6.91350E-03        -5.94209E-03        -7.88813E-03        -7.43421E-10        -1.79832E-10
    1               x              y     App_RHO_xx     App_RHO_xy     App_RHO_yx     App_RHO_yy     App_PHI_xx     App_PHI_xy     App_PHI_yx     App_PHI_yy
             0.00000         50000.00000             0.00000           119.63519           113.54835             0.00000             0.00000            54.49157            46.89903             0.00000
          5000.00000         50000.00000             0.00000           123.52085           113.54837             0.00000             0.00000            51.68505            46.89904             0.00000
         10000.00000         50000.00000             0.00000           123.88977           113.54834             0.00000             0.00000            49.76646            46.89903             0.00000
         15000.00000         50000.00000             0.00000           122.48230           113.54830             0.00000             0.00000            48.48008            46.89904             0.00000
         20000.00000         50000.00000             0.00000           120.45721           113.54827             0.00000             0.00000            47.65707            46.89905             0.00000
         25000.00000         50000.00000             0.00000           118.40458           113.54826             0.00000             0.00000            47.19801            46.89906             0.00000
         30000.00000         50000.00000             0.00000           116.63387           113.54826             0.00000             0.00000            46.96875            46.89907             0.00000
         35000.00000         50000.00000             0.00000           115.27761           113.54826             0.00000             0.00000            46.88710            46.89907             0.00000
         40000.00000         50000.00000             0.00000           114.32612           113.54826             0.00000             0.00000            46.87582            46.89907             0.00000
         45000.00000         50000.00000             0.00000           113.76698           113.54826             0.00000             0.00000            46.88953            46.89907             0.00000
         50000.00000         50000.00000             0.00000           113.54826           113.54826             0.00000             0.00000            46.89907            46.89907             0.00000
         55000.00000         50000.00000             0.00000           113.66740           113.54826             0.00000             0.00000            46.89354            46.89907             0.00000
         60000.00000         50000.00000             0.00000           114.12114           113.54826             0.00000             0.00000            46.87913            46.89907             0.00000
         65000.00000         50000.00000             0.00000           114.95245           113.54826             0.00000             0.00000            46.87868            46.89907             0.00000
         70000.00000         50000.00000             0.00000           116.18624           113.54826             0.00000             0.00000            46.93362            46.89906             0.00000
         75000.00000         50000.00000             0.00000           117.83977           113.54826             0.00000             0.00000            47.10951            46.89906             0.00000
         80000.00000         50000.00000             0.00000           119.82774           113.54828             0.00000             0.00000            47.49090            46.89905             0.00000
         85000.00000         50000.00000             0.00000           121.91337           113.54830             0.00000             0.00000            48.19050            46.89904             0.00000
         90000.00000         50000.00000             0.00000           123.57612           113.54834             0.00000             0.00000            49.32961            46.89903             0.00000
         95000.00000         50000.00000             0.00000           123.89900           113.54836             0.00000             0.00000            51.04230            46.89904             0.00000
        100000.00000         50000.00000             0.00000           123.52436           113.54835             0.00000             0.00000            53.00947            46.89905             0.00000
         50000.00000             0.00000             0.00000           113.54835           119.63519             0.00000             0.00000            46.89903            54.49157             0.00000
         50000.00000          5000.00000             0.00000           113.54837           123.52085             0.00000             0.00000            46.89904            51.68505             0.00000
         50000.00000         10000.00000             0.00000           113.54834           123.88977             0.00000             0.00000            46.89903            49.76646             0.00000
         50000.00000         15000.00000             0.00000           113.54830           122.48230             0.00000             0.00000            46.89904            48.48008             0.00000
         50000.00000         20000.00000             0.00000           113.54827           120.45721             0.00000             0.00000            46.89905            47.65707             0.00000
         50000.00000         25000.00000             0.00000           113.54826           118.40458             0.00000             0.00000            46.89906            47.19801             0.00000
         50000.00000         30000.00000             0.00000           113.54826           116.63387             0.00000             0.00000            46.89907            46.96875             0.00000
         50000.00000         35000.00000             0.00000           113.54826           115.27761             0.00000             0.00000            46.89907            46.88710             0.00000
         50000.00000         40000.00000             0.00000           113.54826           114.32612             0.00000             0.00000            46.89907            46.87582             0.00000
         50000.00000         45000.00000             0.00000           113.54826           113.76698             0.00000             0.00000            46.89907            46.88953             0.00000
         50000.00000         50000.00000             0.00000           113.54826           113.54826             0.00000             0.00000            46.89907            46.89907             0.00000
         50000.00000         55000.00000             0.00000           113.54826           113.66740             0.00000             0.00000            46.89907            46.89354             0.00000
         50000.00000         60000.00000             0.00000           113.54826           114.12114             0.00000             0.00000            46.89907            46.87913             0.00000
         50000.00000         65000.00000             0.00000           113.54826           114.95245             0.00000             0.00000            46.89907            46.87868             0.00000
         50000.00000         70000.00000             0.00000           113.54826           116.18624             0.00000             0.00000            46.89906            46.93362             0.00000
         50000.00000         75000.00000             0.00000           113.54826           117.83977             0.00000             0.00000            46.89906            47.10951             0.00000
         50000.00000         80000.00000             0.00000           113.54828           119.82774             0.00000             0.00000            46.89905            47.49090             0.00000
         50000.00000         85000.00000             0.00000           113.54830           121.91337             0.00000             0.00000            46.89904            48.19050             0.00000
         50000.00000         90000.00000             0.00000           113.54834           123.57612             0.00000             0.00000            46.89903            49.32961             0.00000
         50000.00000         95000.00000             0.00000           113.54836           123.89900             0.00000             0.00000            46.89904            51.04230             0.00000
         50000.00000        100000.00000             0.00000           113.54835           123.52436             0.00000             0.00000            46.89905            53.00947             0.00000
